CRITICAL - 2024-03-07 01:09:37 --> CodeIgniter\View\Exceptions\ViewException: Invalid file: "produto_viewer.php"
in SYSTEMPATH\Exceptions\FrameworkException.php on line 39.
 1 SYSTEMPATH\View\View.php(216): CodeIgniter\Exceptions\FrameworkException::forInvalidFile('produto_viewer.php')
 2 SYSTEMPATH\Common.php(1178): CodeIgniter\View\View->render('produto_viewer', [], true)
 3 APPPATH\Controllers\Home.php(9): view('produto_viewer')
 4 SYSTEMPATH\CodeIgniter.php(941): App\Controllers\Home->index()
 5 SYSTEMPATH\CodeIgniter.php(502): CodeIgniter\CodeIgniter->runController(Object(App\Controllers\Home))
 6 SYSTEMPATH\CodeIgniter.php(361): CodeIgniter\CodeIgniter->handleRequest(null, Object(Config\Cache), false)
 7 FCPATH\index.php(79): CodeIgniter\CodeIgniter->run()
 8 SYSTEMPATH\Commands\Server\rewrite.php(47): require_once('C:\\xampp\\htdocs\\CodeIgniter-CRUD\\public\\index.php')
CRITICAL - 2024-03-07 01:10:23 --> BadMethodCallException: Call to undefined method App\Models\ProdutoMOD::getProjetos
in SYSTEMPATH\Model.php on line 874.
 1 APPPATH\Controllers\ProdutoController.php(16): CodeIgniter\Model->__call('getProjetos', [])
 2 SYSTEMPATH\CodeIgniter.php(941): App\Controllers\ProdutoController->index()
 3 SYSTEMPATH\CodeIgniter.php(502): CodeIgniter\CodeIgniter->runController(Object(App\Controllers\ProdutoController))
 4 SYSTEMPATH\CodeIgniter.php(361): CodeIgniter\CodeIgniter->handleRequest(null, Object(Config\Cache), false)
 5 FCPATH\index.php(79): CodeIgniter\CodeIgniter->run()
 6 SYSTEMPATH\Commands\Server\rewrite.php(47): require_once('C:\\xampp\\htdocs\\CodeIgniter-CRUD\\public\\index.php')
CRITICAL - 2024-03-07 01:13:33 --> CodeIgniter\View\Exceptions\ViewException: Invalid file: "produto_viewer.php"
in SYSTEMPATH\Exceptions\FrameworkException.php on line 39.
 1 SYSTEMPATH\View\View.php(216): CodeIgniter\Exceptions\FrameworkException::forInvalidFile('produto_viewer.php')
 2 SYSTEMPATH\Common.php(1178): CodeIgniter\View\View->render('produto_viewer', [], true)
 3 APPPATH\Controllers\Home.php(9): view('produto_viewer')
 4 SYSTEMPATH\CodeIgniter.php(941): App\Controllers\Home->index()
 5 SYSTEMPATH\CodeIgniter.php(502): CodeIgniter\CodeIgniter->runController(Object(App\Controllers\Home))
 6 SYSTEMPATH\CodeIgniter.php(361): CodeIgniter\CodeIgniter->handleRequest(null, Object(Config\Cache), false)
 7 FCPATH\index.php(79): CodeIgniter\CodeIgniter->run()
 8 SYSTEMPATH\Commands\Server\rewrite.php(47): require_once('C:\\xampp\\htdocs\\CodeIgniter-CRUD\\public\\index.php')
CRITICAL - 2024-03-07 01:22:04 --> CodeIgniter\HTTP\Exceptions\HTTPException: Failed to parse JSON string. Error: Syntax error
in SYSTEMPATH\HTTP\IncomingRequest.php on line 588.
 1 SYSTEMPATH\HTTP\IncomingRequest.php(588): CodeIgniter\HTTP\Exceptions\HTTPException::forInvalidJSON('Syntax error')
 2 SYSTEMPATH\HTTP\IncomingRequest.php(608): CodeIgniter\HTTP\IncomingRequest->getJSON(true)
 3 SYSTEMPATH\HTTP\IncomingRequest.php(556): CodeIgniter\HTTP\IncomingRequest->getJsonVar('messagem', false, null, null)
 4 APPPATH\Controllers\ProdutoController.php(26): CodeIgniter\HTTP\IncomingRequest->getVar('messagem')
 5 SYSTEMPATH\CodeIgniter.php(941): App\Controllers\ProdutoController->teste()
 6 SYSTEMPATH\CodeIgniter.php(502): CodeIgniter\CodeIgniter->runController(Object(App\Controllers\ProdutoController))
 7 SYSTEMPATH\CodeIgniter.php(361): CodeIgniter\CodeIgniter->handleRequest(null, Object(Config\Cache), false)
 8 FCPATH\index.php(79): CodeIgniter\CodeIgniter->run()
 9 SYSTEMPATH\Commands\Server\rewrite.php(47): require_once('C:\\xampp\\htdocs\\CodeIgniter-CRUD\\public\\index.php')
CRITICAL - 2024-03-07 02:44:22 --> BadMethodCallException: Call to undefined method App\Models\ProdutoMOD::getProjetos
in SYSTEMPATH\Model.php on line 874.
 1 APPPATH\Controllers\ProdutoController.php(16): CodeIgniter\Model->__call('getProjetos', [])
 2 SYSTEMPATH\CodeIgniter.php(941): App\Controllers\ProdutoController->index()
 3 SYSTEMPATH\CodeIgniter.php(502): CodeIgniter\CodeIgniter->runController(Object(App\Controllers\ProdutoController))
 4 SYSTEMPATH\CodeIgniter.php(361): CodeIgniter\CodeIgniter->handleRequest(null, Object(Config\Cache), false)
 5 FCPATH\index.php(79): CodeIgniter\CodeIgniter->run()
 6 SYSTEMPATH\Commands\Server\rewrite.php(47): require_once('C:\\xampp\\htdocs\\CodeIgniter-CRUD\\public\\index.php')
CRITICAL - 2024-03-07 03:29:12 --> ErrorException: Undefined property: stdClass::$preco
in APPPATH\Views\produtos\produto_viewer.php on line 52.
 1 APPPATH\Views\produtos\produto_viewer.php(52): CodeIgniter\Debug\Exceptions->errorHandler(2, 'Undefined property: stdClass::$preco', 'C:\\xampp\\htdocs\\CodeIgniter-CRUD\\app\\Views\\produtos\\produto_viewer.php', 52)
 2 SYSTEMPATH\View\View.php(228): include('C:\\xampp\\htdocs\\CodeIgniter-CRUD\\app\\Views\\produtos\\produto_viewer.php')
 3 SYSTEMPATH\View\View.php(231): CodeIgniter\View\View->CodeIgniter\View\{closure}()
 4 SYSTEMPATH\Common.php(1178): CodeIgniter\View\View->render('produtos/produto_viewer', [], true)
 5 APPPATH\Controllers\ProdutoController.php(17): view('produtos/produto_viewer', [...])
 6 SYSTEMPATH\CodeIgniter.php(941): App\Controllers\ProdutoController->index()
 7 SYSTEMPATH\CodeIgniter.php(502): CodeIgniter\CodeIgniter->runController(Object(App\Controllers\ProdutoController))
 8 SYSTEMPATH\CodeIgniter.php(361): CodeIgniter\CodeIgniter->handleRequest(null, Object(Config\Cache), false)
 9 FCPATH\index.php(79): CodeIgniter\CodeIgniter->run()
10 SYSTEMPATH\Commands\Server\rewrite.php(47): require_once('C:\\xampp\\htdocs\\CodeIgniter-CRUD\\public\\index.php')
CRITICAL - 2024-03-07 03:29:16 --> ErrorException: Undefined property: stdClass::$preco
in APPPATH\Views\produtos\produto_viewer.php on line 52.
 1 APPPATH\Views\produtos\produto_viewer.php(52): CodeIgniter\Debug\Exceptions->errorHandler(2, 'Undefined property: stdClass::$preco', 'C:\\xampp\\htdocs\\CodeIgniter-CRUD\\app\\Views\\produtos\\produto_viewer.php', 52)
 2 SYSTEMPATH\View\View.php(228): include('C:\\xampp\\htdocs\\CodeIgniter-CRUD\\app\\Views\\produtos\\produto_viewer.php')
 3 SYSTEMPATH\View\View.php(231): CodeIgniter\View\View->CodeIgniter\View\{closure}()
 4 SYSTEMPATH\Common.php(1178): CodeIgniter\View\View->render('produtos/produto_viewer', [], true)
 5 APPPATH\Controllers\ProdutoController.php(17): view('produtos/produto_viewer', [...])
 6 SYSTEMPATH\CodeIgniter.php(941): App\Controllers\ProdutoController->index()
 7 SYSTEMPATH\CodeIgniter.php(502): CodeIgniter\CodeIgniter->runController(Object(App\Controllers\ProdutoController))
 8 SYSTEMPATH\CodeIgniter.php(361): CodeIgniter\CodeIgniter->handleRequest(null, Object(Config\Cache), false)
 9 FCPATH\index.php(79): CodeIgniter\CodeIgniter->run()
10 SYSTEMPATH\Commands\Server\rewrite.php(47): require_once('C:\\xampp\\htdocs\\CodeIgniter-CRUD\\public\\index.php')
CRITICAL - 2024-03-07 04:28:55 --> Error: Call to a member function getVar() on null
in APPPATH\Models\ProdutoMOD.php on line 70.
 1 APPPATH\Controllers\ProdutoController.php(89): App\Models\ProdutoMOD->deleteProdutos('')
 2 SYSTEMPATH\CodeIgniter.php(941): App\Controllers\ProdutoController->delete()
 3 SYSTEMPATH\CodeIgniter.php(502): CodeIgniter\CodeIgniter->runController(Object(App\Controllers\ProdutoController))
 4 SYSTEMPATH\CodeIgniter.php(361): CodeIgniter\CodeIgniter->handleRequest(null, Object(Config\Cache), false)
 5 FCPATH\index.php(79): CodeIgniter\CodeIgniter->run()
 6 SYSTEMPATH\Commands\Server\rewrite.php(47): require_once('C:\\xampp\\htdocs\\CodeIgniter-CRUD\\public\\index.php')
CRITICAL - 2024-03-07 04:29:59 --> CodeIgniter\HTTP\Exceptions\HTTPException: Failed to parse JSON string. Error: Syntax error
in SYSTEMPATH\HTTP\IncomingRequest.php on line 588.
 1 SYSTEMPATH\HTTP\IncomingRequest.php(588): CodeIgniter\HTTP\Exceptions\HTTPException::forInvalidJSON('Syntax error')
 2 SYSTEMPATH\HTTP\IncomingRequest.php(608): CodeIgniter\HTTP\IncomingRequest->getJSON(true)
 3 SYSTEMPATH\HTTP\IncomingRequest.php(556): CodeIgniter\HTTP\IncomingRequest->getJsonVar('id', false, null, null)
 4 APPPATH\Controllers\ProdutoController.php(89): CodeIgniter\HTTP\IncomingRequest->getVar('id')
 5 SYSTEMPATH\CodeIgniter.php(941): App\Controllers\ProdutoController->delete()
 6 SYSTEMPATH\CodeIgniter.php(502): CodeIgniter\CodeIgniter->runController(Object(App\Controllers\ProdutoController))
 7 SYSTEMPATH\CodeIgniter.php(361): CodeIgniter\CodeIgniter->handleRequest(null, Object(Config\Cache), false)
 8 FCPATH\index.php(79): CodeIgniter\CodeIgniter->run()
 9 SYSTEMPATH\Commands\Server\rewrite.php(47): require_once('C:\\xampp\\htdocs\\CodeIgniter-CRUD\\public\\index.php')
CRITICAL - 2024-03-07 04:31:00 --> Error: Call to a member function getVar() on null
in APPPATH\Models\ProdutoMOD.php on line 70.
 1 APPPATH\Controllers\ProdutoController.php(89): App\Models\ProdutoMOD->deleteProdutos('')
 2 SYSTEMPATH\CodeIgniter.php(941): App\Controllers\ProdutoController->deleteProduto()
 3 SYSTEMPATH\CodeIgniter.php(502): CodeIgniter\CodeIgniter->runController(Object(App\Controllers\ProdutoController))
 4 SYSTEMPATH\CodeIgniter.php(361): CodeIgniter\CodeIgniter->handleRequest(null, Object(Config\Cache), false)
 5 FCPATH\index.php(79): CodeIgniter\CodeIgniter->run()
 6 SYSTEMPATH\Commands\Server\rewrite.php(47): require_once('C:\\xampp\\htdocs\\CodeIgniter-CRUD\\public\\index.php')
CRITICAL - 2024-03-07 04:32:47 --> Error: Call to a member function getVar() on null
in APPPATH\Models\ProdutoMOD.php on line 70.
 1 APPPATH\Controllers\ProdutoController.php(89): App\Models\ProdutoMOD->deleteProdutos('')
 2 SYSTEMPATH\CodeIgniter.php(941): App\Controllers\ProdutoController->deleteProduto()
 3 SYSTEMPATH\CodeIgniter.php(502): CodeIgniter\CodeIgniter->runController(Object(App\Controllers\ProdutoController))
 4 SYSTEMPATH\CodeIgniter.php(361): CodeIgniter\CodeIgniter->handleRequest(null, Object(Config\Cache), false)
 5 FCPATH\index.php(79): CodeIgniter\CodeIgniter->run()
 6 SYSTEMPATH\Commands\Server\rewrite.php(47): require_once('C:\\xampp\\htdocs\\CodeIgniter-CRUD\\public\\index.php')
CRITICAL - 2024-03-07 04:34:14 --> Error: Call to a member function getVar() on null
in APPPATH\Models\ProdutoMOD.php on line 70.
 1 APPPATH\Controllers\ProdutoController.php(89): App\Models\ProdutoMOD->deleteProdutos('')
 2 SYSTEMPATH\CodeIgniter.php(941): App\Controllers\ProdutoController->deleteProduto()
 3 SYSTEMPATH\CodeIgniter.php(502): CodeIgniter\CodeIgniter->runController(Object(App\Controllers\ProdutoController))
 4 SYSTEMPATH\CodeIgniter.php(361): CodeIgniter\CodeIgniter->handleRequest(null, Object(Config\Cache), false)
 5 FCPATH\index.php(79): CodeIgniter\CodeIgniter->run()
 6 SYSTEMPATH\Commands\Server\rewrite.php(47): require_once('C:\\xampp\\htdocs\\CodeIgniter-CRUD\\public\\index.php')
CRITICAL - 2024-03-07 04:34:38 --> Error: Call to a member function getVar() on null
in APPPATH\Models\ProdutoMOD.php on line 70.
 1 APPPATH\Controllers\ProdutoController.php(89): App\Models\ProdutoMOD->deleteProdutos('')
 2 SYSTEMPATH\CodeIgniter.php(941): App\Controllers\ProdutoController->deleteProduto()
 3 SYSTEMPATH\CodeIgniter.php(502): CodeIgniter\CodeIgniter->runController(Object(App\Controllers\ProdutoController))
 4 SYSTEMPATH\CodeIgniter.php(361): CodeIgniter\CodeIgniter->handleRequest(null, Object(Config\Cache), false)
 5 FCPATH\index.php(79): CodeIgniter\CodeIgniter->run()
 6 SYSTEMPATH\Commands\Server\rewrite.php(47): require_once('C:\\xampp\\htdocs\\CodeIgniter-CRUD\\public\\index.php')
CRITICAL - 2024-03-07 04:35:29 --> Error: Call to a member function getVar() on null
in APPPATH\Models\ProdutoMOD.php on line 70.
 1 APPPATH\Controllers\ProdutoController.php(89): App\Models\ProdutoMOD->deleteProdutos('')
 2 SYSTEMPATH\CodeIgniter.php(941): App\Controllers\ProdutoController->deleteProduto()
 3 SYSTEMPATH\CodeIgniter.php(502): CodeIgniter\CodeIgniter->runController(Object(App\Controllers\ProdutoController))
 4 SYSTEMPATH\CodeIgniter.php(361): CodeIgniter\CodeIgniter->handleRequest(null, Object(Config\Cache), false)
 5 FCPATH\index.php(79): CodeIgniter\CodeIgniter->run()
 6 SYSTEMPATH\Commands\Server\rewrite.php(47): require_once('C:\\xampp\\htdocs\\CodeIgniter-CRUD\\public\\index.php')
ERROR - 2024-03-07 05:41:56 --> mysqli_sql_exception: You have an error in your SQL syntax; check the manual that corresponds to your MySQL server version for the right syntax to use near '`Avaianas` = 'Chinelas Avaianas'
 LIMIT 1' at line 3 in C:\xampp\htdocs\CodeIgniter-CRUD\vendor\codeigniter4\framework\system\Database\MySQLi\Connection.php:306
Stack trace:
#0 C:\xampp\htdocs\CodeIgniter-CRUD\vendor\codeigniter4\framework\system\Database\MySQLi\Connection.php(306): mysqli->query('SELECT *\nFROM `...', 0)
#1 C:\xampp\htdocs\CodeIgniter-CRUD\vendor\codeigniter4\framework\system\Database\BaseConnection.php(693): CodeIgniter\Database\MySQLi\Connection->execute('SELECT *\nFROM `...')
#2 C:\xampp\htdocs\CodeIgniter-CRUD\vendor\codeigniter4\framework\system\Database\BaseConnection.php(607): CodeIgniter\Database\BaseConnection->simpleQuery('SELECT *\nFROM `...')
#3 C:\xampp\htdocs\CodeIgniter-CRUD\vendor\codeigniter4\framework\system\Database\BaseBuilder.php(1616): CodeIgniter\Database\BaseConnection->query('SELECT *\nFROM `...', Array, false)
#4 C:\xampp\htdocs\CodeIgniter-CRUD\vendor\codeigniter4\framework\system\Model.php(270): CodeIgniter\Database\BaseBuilder->get()
#5 C:\xampp\htdocs\CodeIgniter-CRUD\vendor\codeigniter4\framework\system\BaseModel.php(676): CodeIgniter\Model->doFirst()
#6 C:\xampp\htdocs\CodeIgniter-CRUD\app\Models\ProdutoMOD.php(74): CodeIgniter\BaseModel->first()
#7 C:\xampp\htdocs\CodeIgniter-CRUD\app\Controllers\ProdutoController.php(52): App\Models\ProdutoMOD->existsProdutos('Chinelas Avaian...', 'Chinelas Avaian...')
#8 C:\xampp\htdocs\CodeIgniter-CRUD\vendor\codeigniter4\framework\system\CodeIgniter.php(941): App\Controllers\ProdutoController->create()
#9 C:\xampp\htdocs\CodeIgniter-CRUD\vendor\codeigniter4\framework\system\CodeIgniter.php(502): CodeIgniter\CodeIgniter->runController(Object(App\Controllers\ProdutoController))
#10 C:\xampp\htdocs\CodeIgniter-CRUD\vendor\codeigniter4\framework\system\CodeIgniter.php(361): CodeIgniter\CodeIgniter->handleRequest(NULL, Object(Config\Cache), false)
#11 C:\xampp\htdocs\CodeIgniter-CRUD\public\index.php(79): CodeIgniter\CodeIgniter->run()
#12 C:\xampp\htdocs\CodeIgniter-CRUD\vendor\codeigniter4\framework\system\Commands\Server\rewrite.php(47): require_once('C:\\xampp\\htdocs...')
#13 {main}
CRITICAL - 2024-03-07 05:41:56 --> CodeIgniter\Database\Exceptions\DatabaseException: You have an error in your SQL syntax; check the manual that corresponds to your MySQL server version for the right syntax to use near '`Avaianas` = 'Chinelas Avaianas'
 LIMIT 1' at line 3
in SYSTEMPATH\Database\BaseConnection.php on line 647.
 1 SYSTEMPATH\Database\BaseBuilder.php(1616): CodeIgniter\Database\BaseConnection->query('SELECT *
FROM `produtomods`
WHERE `Chinelas` `Avaianas` = :Chinelas Avaianas:
 LIMIT 1', [...], false)
 2 SYSTEMPATH\Model.php(270): CodeIgniter\Database\BaseBuilder->get()
 3 SYSTEMPATH\BaseModel.php(676): CodeIgniter\Model->doFirst()
 4 APPPATH\Models\ProdutoMOD.php(74): CodeIgniter\BaseModel->first()
 5 APPPATH\Controllers\ProdutoController.php(52): App\Models\ProdutoMOD->existsProdutos('Chinelas Avaianas', 'Chinelas Avaianas')
 6 SYSTEMPATH\CodeIgniter.php(941): App\Controllers\ProdutoController->create()
 7 SYSTEMPATH\CodeIgniter.php(502): CodeIgniter\CodeIgniter->runController(Object(App\Controllers\ProdutoController))
 8 SYSTEMPATH\CodeIgniter.php(361): CodeIgniter\CodeIgniter->handleRequest(null, Object(Config\Cache), false)
 9 FCPATH\index.php(79): CodeIgniter\CodeIgniter->run()
10 SYSTEMPATH\Commands\Server\rewrite.php(47): require_once('C:\\xampp\\htdocs\\CodeIgniter-CRUD\\public\\index.php')
CRITICAL - 2024-03-07 05:41:56 --> [Caused by] CodeIgniter\Database\Exceptions\DatabaseException: You have an error in your SQL syntax; check the manual that corresponds to your MySQL server version for the right syntax to use near '`Avaianas` = 'Chinelas Avaianas'
 LIMIT 1' at line 3
in SYSTEMPATH\Database\MySQLi\Connection.php on line 311.
 1 SYSTEMPATH\Database\BaseConnection.php(693): CodeIgniter\Database\MySQLi\Connection->execute('SELECT *
FROM `produtomods`
WHERE `Chinelas` `Avaianas` = \'Chinelas Avaianas\'
 LIMIT 1')
 2 SYSTEMPATH\Database\BaseConnection.php(607): CodeIgniter\Database\BaseConnection->simpleQuery('SELECT *
FROM `produtomods`
WHERE `Chinelas` `Avaianas` = \'Chinelas Avaianas\'
 LIMIT 1')
 3 SYSTEMPATH\Database\BaseBuilder.php(1616): CodeIgniter\Database\BaseConnection->query('SELECT *
FROM `produtomods`
WHERE `Chinelas` `Avaianas` = :Chinelas Avaianas:
 LIMIT 1', [...], false)
 4 SYSTEMPATH\Model.php(270): CodeIgniter\Database\BaseBuilder->get()
 5 SYSTEMPATH\BaseModel.php(676): CodeIgniter\Model->doFirst()
 6 APPPATH\Models\ProdutoMOD.php(74): CodeIgniter\BaseModel->first()
 7 APPPATH\Controllers\ProdutoController.php(52): App\Models\ProdutoMOD->existsProdutos('Chinelas Avaianas', 'Chinelas Avaianas')
 8 SYSTEMPATH\CodeIgniter.php(941): App\Controllers\ProdutoController->create()
 9 SYSTEMPATH\CodeIgniter.php(502): CodeIgniter\CodeIgniter->runController(Object(App\Controllers\ProdutoController))
10 SYSTEMPATH\CodeIgniter.php(361): CodeIgniter\CodeIgniter->handleRequest(null, Object(Config\Cache), false)
11 FCPATH\index.php(79): CodeIgniter\CodeIgniter->run()
12 SYSTEMPATH\Commands\Server\rewrite.php(47): require_once('C:\\xampp\\htdocs\\CodeIgniter-CRUD\\public\\index.php')
CRITICAL - 2024-03-07 05:41:56 --> [Caused by] mysqli_sql_exception: You have an error in your SQL syntax; check the manual that corresponds to your MySQL server version for the right syntax to use near '`Avaianas` = 'Chinelas Avaianas'
 LIMIT 1' at line 3
in SYSTEMPATH\Database\MySQLi\Connection.php on line 306.
 1 SYSTEMPATH\Database\MySQLi\Connection.php(306): mysqli->query('SELECT *
FROM `produtomods`
WHERE `Chinelas` `Avaianas` = \'Chinelas Avaianas\'
 LIMIT 1', 0)
 2 SYSTEMPATH\Database\BaseConnection.php(693): CodeIgniter\Database\MySQLi\Connection->execute('SELECT *
FROM `produtomods`
WHERE `Chinelas` `Avaianas` = \'Chinelas Avaianas\'
 LIMIT 1')
 3 SYSTEMPATH\Database\BaseConnection.php(607): CodeIgniter\Database\BaseConnection->simpleQuery('SELECT *
FROM `produtomods`
WHERE `Chinelas` `Avaianas` = \'Chinelas Avaianas\'
 LIMIT 1')
 4 SYSTEMPATH\Database\BaseBuilder.php(1616): CodeIgniter\Database\BaseConnection->query('SELECT *
FROM `produtomods`
WHERE `Chinelas` `Avaianas` = :Chinelas Avaianas:
 LIMIT 1', [...], false)
 5 SYSTEMPATH\Model.php(270): CodeIgniter\Database\BaseBuilder->get()
 6 SYSTEMPATH\BaseModel.php(676): CodeIgniter\Model->doFirst()
 7 APPPATH\Models\ProdutoMOD.php(74): CodeIgniter\BaseModel->first()
 8 APPPATH\Controllers\ProdutoController.php(52): App\Models\ProdutoMOD->existsProdutos('Chinelas Avaianas', 'Chinelas Avaianas')
 9 SYSTEMPATH\CodeIgniter.php(941): App\Controllers\ProdutoController->create()
10 SYSTEMPATH\CodeIgniter.php(502): CodeIgniter\CodeIgniter->runController(Object(App\Controllers\ProdutoController))
11 SYSTEMPATH\CodeIgniter.php(361): CodeIgniter\CodeIgniter->handleRequest(null, Object(Config\Cache), false)
12 FCPATH\index.php(79): CodeIgniter\CodeIgniter->run()
13 SYSTEMPATH\Commands\Server\rewrite.php(47): require_once('C:\\xampp\\htdocs\\CodeIgniter-CRUD\\public\\index.php')
ERROR - 2024-03-07 05:43:52 --> mysqli_sql_exception: You have an error in your SQL syntax; check the manual that corresponds to your MySQL server version for the right syntax to use near '`NIKE` = 'Calçados NIKE'
 LIMIT 1' at line 3 in C:\xampp\htdocs\CodeIgniter-CRUD\vendor\codeigniter4\framework\system\Database\MySQLi\Connection.php:306
Stack trace:
#0 C:\xampp\htdocs\CodeIgniter-CRUD\vendor\codeigniter4\framework\system\Database\MySQLi\Connection.php(306): mysqli->query('SELECT *\nFROM `...', 0)
#1 C:\xampp\htdocs\CodeIgniter-CRUD\vendor\codeigniter4\framework\system\Database\BaseConnection.php(693): CodeIgniter\Database\MySQLi\Connection->execute('SELECT *\nFROM `...')
#2 C:\xampp\htdocs\CodeIgniter-CRUD\vendor\codeigniter4\framework\system\Database\BaseConnection.php(607): CodeIgniter\Database\BaseConnection->simpleQuery('SELECT *\nFROM `...')
#3 C:\xampp\htdocs\CodeIgniter-CRUD\vendor\codeigniter4\framework\system\Database\BaseBuilder.php(1616): CodeIgniter\Database\BaseConnection->query('SELECT *\nFROM `...', Array, false)
#4 C:\xampp\htdocs\CodeIgniter-CRUD\vendor\codeigniter4\framework\system\Model.php(270): CodeIgniter\Database\BaseBuilder->get()
#5 C:\xampp\htdocs\CodeIgniter-CRUD\vendor\codeigniter4\framework\system\BaseModel.php(676): CodeIgniter\Model->doFirst()
#6 C:\xampp\htdocs\CodeIgniter-CRUD\app\Models\ProdutoMOD.php(74): CodeIgniter\BaseModel->first()
#7 C:\xampp\htdocs\CodeIgniter-CRUD\app\Controllers\ProdutoController.php(52): App\Models\ProdutoMOD->existsProdutos('Cal\xC3\xA7ados NIKE', 'Cal\xC3\xA7ados NIKE')
#8 C:\xampp\htdocs\CodeIgniter-CRUD\vendor\codeigniter4\framework\system\CodeIgniter.php(941): App\Controllers\ProdutoController->create()
#9 C:\xampp\htdocs\CodeIgniter-CRUD\vendor\codeigniter4\framework\system\CodeIgniter.php(502): CodeIgniter\CodeIgniter->runController(Object(App\Controllers\ProdutoController))
#10 C:\xampp\htdocs\CodeIgniter-CRUD\vendor\codeigniter4\framework\system\CodeIgniter.php(361): CodeIgniter\CodeIgniter->handleRequest(NULL, Object(Config\Cache), false)
#11 C:\xampp\htdocs\CodeIgniter-CRUD\public\index.php(79): CodeIgniter\CodeIgniter->run()
#12 C:\xampp\htdocs\CodeIgniter-CRUD\vendor\codeigniter4\framework\system\Commands\Server\rewrite.php(47): require_once('C:\\xampp\\htdocs...')
#13 {main}
CRITICAL - 2024-03-07 05:43:52 --> CodeIgniter\Database\Exceptions\DatabaseException: You have an error in your SQL syntax; check the manual that corresponds to your MySQL server version for the right syntax to use near '`NIKE` = 'Calçados NIKE'
 LIMIT 1' at line 3
in SYSTEMPATH\Database\BaseConnection.php on line 647.
 1 SYSTEMPATH\Database\BaseBuilder.php(1616): CodeIgniter\Database\BaseConnection->query('SELECT *
FROM `produtomods`
WHERE `Calçados` `NIKE` = :Calçados NIKE:
 LIMIT 1', [...], false)
 2 SYSTEMPATH\Model.php(270): CodeIgniter\Database\BaseBuilder->get()
 3 SYSTEMPATH\BaseModel.php(676): CodeIgniter\Model->doFirst()
 4 APPPATH\Models\ProdutoMOD.php(74): CodeIgniter\BaseModel->first()
 5 APPPATH\Controllers\ProdutoController.php(52): App\Models\ProdutoMOD->existsProdutos('Calçados NIKE', 'Calçados NIKE')
 6 SYSTEMPATH\CodeIgniter.php(941): App\Controllers\ProdutoController->create()
 7 SYSTEMPATH\CodeIgniter.php(502): CodeIgniter\CodeIgniter->runController(Object(App\Controllers\ProdutoController))
 8 SYSTEMPATH\CodeIgniter.php(361): CodeIgniter\CodeIgniter->handleRequest(null, Object(Config\Cache), false)
 9 FCPATH\index.php(79): CodeIgniter\CodeIgniter->run()
10 SYSTEMPATH\Commands\Server\rewrite.php(47): require_once('C:\\xampp\\htdocs\\CodeIgniter-CRUD\\public\\index.php')
CRITICAL - 2024-03-07 05:43:52 --> [Caused by] CodeIgniter\Database\Exceptions\DatabaseException: You have an error in your SQL syntax; check the manual that corresponds to your MySQL server version for the right syntax to use near '`NIKE` = 'Calçados NIKE'
 LIMIT 1' at line 3
in SYSTEMPATH\Database\MySQLi\Connection.php on line 311.
 1 SYSTEMPATH\Database\BaseConnection.php(693): CodeIgniter\Database\MySQLi\Connection->execute('SELECT *
FROM `produtomods`
WHERE `Calçados` `NIKE` = \'Calçados NIKE\'
 LIMIT 1')
 2 SYSTEMPATH\Database\BaseConnection.php(607): CodeIgniter\Database\BaseConnection->simpleQuery('SELECT *
FROM `produtomods`
WHERE `Calçados` `NIKE` = \'Calçados NIKE\'
 LIMIT 1')
 3 SYSTEMPATH\Database\BaseBuilder.php(1616): CodeIgniter\Database\BaseConnection->query('SELECT *
FROM `produtomods`
WHERE `Calçados` `NIKE` = :Calçados NIKE:
 LIMIT 1', [...], false)
 4 SYSTEMPATH\Model.php(270): CodeIgniter\Database\BaseBuilder->get()
 5 SYSTEMPATH\BaseModel.php(676): CodeIgniter\Model->doFirst()
 6 APPPATH\Models\ProdutoMOD.php(74): CodeIgniter\BaseModel->first()
 7 APPPATH\Controllers\ProdutoController.php(52): App\Models\ProdutoMOD->existsProdutos('Calçados NIKE', 'Calçados NIKE')
 8 SYSTEMPATH\CodeIgniter.php(941): App\Controllers\ProdutoController->create()
 9 SYSTEMPATH\CodeIgniter.php(502): CodeIgniter\CodeIgniter->runController(Object(App\Controllers\ProdutoController))
10 SYSTEMPATH\CodeIgniter.php(361): CodeIgniter\CodeIgniter->handleRequest(null, Object(Config\Cache), false)
11 FCPATH\index.php(79): CodeIgniter\CodeIgniter->run()
12 SYSTEMPATH\Commands\Server\rewrite.php(47): require_once('C:\\xampp\\htdocs\\CodeIgniter-CRUD\\public\\index.php')
CRITICAL - 2024-03-07 05:43:52 --> [Caused by] mysqli_sql_exception: You have an error in your SQL syntax; check the manual that corresponds to your MySQL server version for the right syntax to use near '`NIKE` = 'Calçados NIKE'
 LIMIT 1' at line 3
in SYSTEMPATH\Database\MySQLi\Connection.php on line 306.
 1 SYSTEMPATH\Database\MySQLi\Connection.php(306): mysqli->query('SELECT *
FROM `produtomods`
WHERE `Calçados` `NIKE` = \'Calçados NIKE\'
 LIMIT 1', 0)
 2 SYSTEMPATH\Database\BaseConnection.php(693): CodeIgniter\Database\MySQLi\Connection->execute('SELECT *
FROM `produtomods`
WHERE `Calçados` `NIKE` = \'Calçados NIKE\'
 LIMIT 1')
 3 SYSTEMPATH\Database\BaseConnection.php(607): CodeIgniter\Database\BaseConnection->simpleQuery('SELECT *
FROM `produtomods`
WHERE `Calçados` `NIKE` = \'Calçados NIKE\'
 LIMIT 1')
 4 SYSTEMPATH\Database\BaseBuilder.php(1616): CodeIgniter\Database\BaseConnection->query('SELECT *
FROM `produtomods`
WHERE `Calçados` `NIKE` = :Calçados NIKE:
 LIMIT 1', [...], false)
 5 SYSTEMPATH\Model.php(270): CodeIgniter\Database\BaseBuilder->get()
 6 SYSTEMPATH\BaseModel.php(676): CodeIgniter\Model->doFirst()
 7 APPPATH\Models\ProdutoMOD.php(74): CodeIgniter\BaseModel->first()
 8 APPPATH\Controllers\ProdutoController.php(52): App\Models\ProdutoMOD->existsProdutos('Calçados NIKE', 'Calçados NIKE')
 9 SYSTEMPATH\CodeIgniter.php(941): App\Controllers\ProdutoController->create()
10 SYSTEMPATH\CodeIgniter.php(502): CodeIgniter\CodeIgniter->runController(Object(App\Controllers\ProdutoController))
11 SYSTEMPATH\CodeIgniter.php(361): CodeIgniter\CodeIgniter->handleRequest(null, Object(Config\Cache), false)
12 FCPATH\index.php(79): CodeIgniter\CodeIgniter->run()
13 SYSTEMPATH\Commands\Server\rewrite.php(47): require_once('C:\\xampp\\htdocs\\CodeIgniter-CRUD\\public\\index.php')
CRITICAL - 2024-03-07 08:44:10 --> ErrorException: Maximum execution time of 60 seconds exceeded
in SYSTEMPATH\ThirdParty\Kint\Parser\Parser.php on line 372.
 1 [internal function]: CodeIgniter\Debug\Exceptions->shutdownHandler()
